<?xml version="1.0" encoding="UTF-8"?>
<robot generator="Robot 3.1.2 (Python 3.7.7 on darwin)" generated="20200521 12:11:13.012" rpa="false">
<suite id="s1" name="Weather Today" source="/Users/bond/Documents/Paylo/weather_today.robot">
<test id="s1-t1" name="Get Weather3Hours Should Success and return data">
<kw name="Create Dictionary" library="BuiltIn">
<doc>Creates and returns a dictionary based on the given ``items``.</doc>
<arguments>
<arg>type=json</arg>
</arguments>
<assign>
<var>&amp;{params}</var>
</assign>
<msg timestamp="20200521 12:11:13.221" level="INFO">&amp;{params} = { type=json }</msg>
<status status="PASS" starttime="20200521 12:11:13.220" endtime="20200521 12:11:13.221"></status>
</kw>
<kw name="Get Weather3Hours">
<arguments>
<arg>${params}</arg>
</arguments>
<assign>
<var>${resp}</var>
</assign>
<kw name="Create Session" library="RequestsLibrary">
<doc>Create Session: create a HTTP session to a server</doc>
<arguments>
<arg>tmd</arg>
<arg>${url}</arg>
</arguments>
<msg timestamp="20200521 12:11:13.222" level="INFO">Creating Session using : alias=tmd, url=http://data.tmd.go.th/api, headers={},                     cookies={}, auth=None, timeout=None, proxies=None, verify=False,                     debug=0 </msg>
<status status="PASS" starttime="20200521 12:11:13.221" endtime="20200521 12:11:13.222"></status>
</kw>
<kw name="Get Request" library="RequestsLibrary">
<doc>Send a GET request on the session object found using the
given `alias`</doc>
<arguments>
<arg>tmd</arg>
<arg>/Weather3Hours/V1</arg>
<arg>params=${params}</arg>
</arguments>
<assign>
<var>${resp}</var>
</assign>
<msg timestamp="20200521 12:12:29.409" level="INFO">GET Request : url=http://data.tmd.go.th/api/Weather3Hours/V1?type=json (redirected) 
 path_url=/api/Weather3Hours/V1?type=json 
 headers={'User-Agent': 'python-requests/2.23.0', 'Accept-Encoding': 'gzip, deflate', 'Accept': '*/*', 'Connection': 'keep-alive'} 
 body=None 
 </msg>
<msg timestamp="20200521 12:12:29.409" level="INFO">GET Response : url=https://data.tmd.go.th/api/Weather3Hours/V1?type=json 
 status=200, reason=OK 
 body={"Header":{"Title":"Weather3Hours","Description":"Weather Observation for every 3 hour (1:00, 4:00, 7:00, 10:00, 13:00, 16:00, 19:00, 22:00)","Uri":"https://data.tmd.go.th/api/Weather3Hours/V1","LastBuiltDate":"21/5/2020 12:12:43","CopyRight":"Thai Meteorology Department 2015","Generator":"TMDData_API services"},"Stations":[{"WmoNumber":"48300","StationNameTh":"แม่ฮ่องสอน","StationNameEng":"MAE HONG SON","Province":"แม่ฮ่องสอน","Latitude":{"Value":"19.298972","Unit":"decimal degree"},"Longitude":{"Value":"97.975778","Unit":"decimal degree"},"Observe":{"Time":"21/5/2020 10:00:00","Temperature":{"Value":29.8,"Unit":"celcius"},"StationPressure":{"Value":976.6,"Unit":"hPa"},"MeanSeaLevelPressure":{"Value":1007.1,"Unit":"hPa"},"DewPoint":{"Value":24.4,"Unit":"celcius"},"RelativeHumidity":{"Value":73.0,"Unit":"%"},"VaporPressure":{"Value":30.5,"Unit":"hPa"},"LandVisibility":{"Value":12.0,"Unit":"km"},"WindDirection":{"Value":"000","Unit":"degree"},"WindSpeed":{"Value":0.0,"Unit":"km/h"},"Rainfall":{"Value":0.0,"Unit":"mm"},"TotolCloud":"มีเมฆมาก"}},{"WmoNumber":"48325","StationNameTh":"แม่สะเรียง","StationNameEng":"MAE SARIANG","Province":"แม่ฮ่องสอน","Latitude":{"Value":"18.166667","Unit":"decimal degree"},"Longitude":{"Value":"97.933333","Unit":"decimal degree"},"Observe":{"Time":"21/5/2020 10:00:00","Temperature":{"Value":27.5,"Unit":"celcius"},"StationPressure":{"Value":985.0,"Unit":"hPa"},"MeanSeaLevelPressure":{"Value":1009.0,"Unit":"hPa"},"DewPoint":{"Value":25.4,"Unit":"celcius"},"RelativeHumidity":{"Value":88.0,"Unit":"%"},"VaporPressure":{"Value":32.4,"Unit":"hPa"},"LandVisibility":{"Value":8.0,"Unit":"km"},"WindDirection":{"Value":"000","Unit":"degree"},"WindSpeed":{"Value":0.0,"Unit":"km/h"},"Rainfall":{"Value":0.4,"Unit":"mm"},"TotolCloud":"มีเมฆเต็มท้องฟ้า"}},{"WmoNumber":"48303","StationNameTh":"เชียงราย","StationNameEng":"CHIANG RAI","Province":"เชียงราย","Latitude":{"Value":"19.961389","Unit":"decimal degree"},"Longitude":{"Value":"99.881389","Unit":"decimal degree"},"Observe":{"Time":"21/5/2020 10:00:00","Temperature":{"Value":30.9,"Unit":"celcius"},"StationPressure":{"Value":963.5,"Unit":"hPa"},"MeanSeaLevelPressure":{"Value":1006.4,"Unit":"hPa"},"DewPoint":{"Value":21.6,"Unit":"celcius"},"RelativeHumidity":{"Value":58.0,"Unit":"%"},"VaporPressure":{"Value":25.7,"Unit":"hPa"},"LandVisibility":{"Value":12.0,"Unit":"km"},"WindDirection":{"Value":"000","Unit":"degree"},"WindSpeed":{"Value":0.0,"Unit":"km/h"},"Rainfall":{"Value":0.0,"Unit":"mm"},"TotolCloud":"ท้องฟ้าแจ่มใส"}},{"WmoNumber":"48304","StationNameTh":"เชียงราย สกษ.","StationNameEng":"CHAING RAI AGROMET.","Province":"เชียงราย","Latitude":{"Value":"19.870833","Unit":"decimal degree"},"Longitude":{"Value":"99.782778","Unit":"decimal degree"},"Observe":{"Time":"21/5/2020 10:00:00","Temperature":{"Value":31.0,"Unit":"celcius"},"StationPressure":{"Value":961.8,"Unit":"hPa"},"MeanSeaLevelPressure":{"Value":1006.5,"Unit":"hPa"},"DewPoint":{"Value":22.8,"Unit":"celcius"},"RelativeHumidity":{"Value":62.0,"Unit":"%"},"VaporPressure":{"Value":27.8,"Unit":"hPa"},"LandVisibility":{"Value":15.0,"Unit":"km"},"WindDirection":{"Value":"000","Unit":"degree"},"WindSpeed":{"Value":0.0,"Unit":"km/h"},"Rainfall":{"Value":0.0,"Unit":"mm"},"TotolCloud":"ท้องฟ้าแจ่มใส"}},{"WmoNumber":"48310","StationNameTh":"พะเยา","StationNameEng":"PHAYAO","Province":"พะเยา","Latitude":{"Value":"19.133333","Unit":"decimal degree"},"Longitude":{"Value":"99.9","Unit":"decimal degree"},"Observe":{"Time":"21/5/2020 10:00:00","Temperature":{"Value":32.0,"Unit":"celcius"},"StationPressure":{"Value":962.1,"Unit":"hPa"},"MeanSeaLevelPressure":{"Value":1006.2,"Unit":"hPa"},"DewPoint":{"Value":21.7,"Unit":"celcius"},"RelativeHumidity":{"Value":54.0,"Unit":"%"},"VaporPressure":{"Value":25.9,"Unit":"hPa"},"LandVisibility":{"Value":12.0,"Unit":"km"},"WindDirection":{"Value":"240","Unit":"degree"},"WindSpeed":{"Value":5.6,"Unit":"km/h"},"Rainfall":{"Value":0.0,"Unit":"mm"},"TotolCloud":"ท้องฟ้าแจ่มใส"}},{"WmoNumber":"48302","StationNameTh":"ดอยอ่างขาง","StationNameEng":"DOI ANG KANG","Province":"เชียงใหม่","Latitude":{"Value":"19.931389","Unit":"decimal degree"},"Longitude":{"Value":"99.048333","Unit":"decimal degree"},"Observe":{"Time":"21/5/2020 10:00:00","Temperature":{"Value":21.2,"Unit":"celcius"},"StationPressure":{"Value":846.5,"Unit":"hPa"},"MeanSeaLevelPressure":{"Value":1006.5,"Unit":"hPa"},"DewPoint":{"Value":19.3,"Unit":"celcius"},"RelativeHumidity":{"Value":89.0,"Unit":"%"},"VaporPressure":{"Value":22.4,"Unit":"hPa"},"LandVisibility":{"Value":6.0,"Unit":"km"},"WindDirection":{"Value":"280","Unit":"degree"},"WindSpeed":{"Value":7.4,"Unit":"km/h"},"Rainfall":{"Value":0.0,"Unit":"mm"},"TotolCloud":"มีเมฆบางส่วน"}},{"WmoNumber":"48327","StationNameTh":"เชียงใหม่","StationNameEng":"CHIANG MAI","Province":"เชียงใหม่","Latitude":{"Value":"18.771111","Unit":"decimal degree"},"Longitude":{"Value":"98.972500","Unit":"decimal degree"},"Observe":{"Time":"21/5/2020 10:00:00","Temperature":{"Value":33.0,"Unit":"celcius"},"StationPressure":{"Value":973.1,"Unit":"hPa"},"MeanSeaLevelPressure":{"Value":1006.9,"Unit":"hPa"},"DewPoint":{"Value":22.9,"Unit":"celcius"},"RelativeHumidity":{"Value":55.0,"Unit":"%"},"VaporPressure":{"Value":27.8,"Unit":"hPa"},"LandVisibility":{"Value":12.0,"Unit":"km"},"WindDirection":{"Value":"150","Unit":"degree"},"WindSpeed":{"Value":3.7,"Unit":"km/h"},"Rainfall":{"Value":0.0,"Unit":"mm"},"TotolCloud":"มีเมฆเต็มท้องฟ้า"}},{"WmoNumber":"48328","StationNameTh":"ลำปาง","StationNameEng":"LAMPANG","Province":"ลำปาง","Latitude":{"Value":"18.283333","Unit":"decimal degree"},"Longitude":{"Value":"99.516667","Unit":"decimal degree"},"Observe":{"Time":"21/5/2020 10:00:00","Temperature":{"Value":31.0,"Unit":"celcius"},"StationPressure":{"Value":980.8,"Unit":"hPa"},"MeanSeaLevelPressure":{"Value":1007.9,"Unit":"hPa"},"DewPoint":{"Value":24.1,"Unit":"celcius"},"RelativeHumidity":{"Value":67.0,"Unit":"%"},"VaporPressure":{"Value":30.0,"Unit":"hPa"},"LandVisibility":{"Value":10.0,"Unit":"km"},"WindDirection":{"Value":"000","Unit":"degree"},"WindSpeed":{"Value":0.0,"Unit":"km/h"},"Rainfall":{"Value":0.0,"Unit":"mm"},"TotolCloud":"มีเมฆบางส่วน"}},{"WmoNumber":"48324","StationNameTh":"เถิน","StationNameEng":"THOEN","Province":"ลำปาง","Latitude":{"Value":"17.636611","Unit":"decimal degree"},"Longitude":{"Value":"99.244750","Unit":"decimal degree"},"Observe":{"Time":"21/5/2020 10:00:00","Temperature":{"Value":32.2,"Unit":"celcius"},"StationPressure":{"Value":986.2,"Unit":"hPa"},"MeanSeaLevelPressure":{"Value":1007.5,"Unit":"hPa"},"DewPoint":{"Value":23.6,"Unit":"celcius"},"RelativeHumidity":{"Value":60.0,"Unit":"%"},"VaporPressure":{"Value":29.1,"Unit":"hPa"},"LandVisibility":{"Value":13.0,"Unit":"km"},"WindDirection":{"Value":"320","Unit":"degree"},"WindSpeed":{"Value":5.6,"Unit":"km/h"},"Rainfall":{"Value":0.0,"Unit":"mm"},"TotolCloud":"มีเมฆมาก"}},{"WmoNumber":"48334","StationNameTh":"ลำปาง สกษ.","StationNameEng":"LAMPANG AGROMET.","Province":"ลำปาง","Latitude":{"Value":"18.316667","Unit":"decimal degree"},"Longitude":{"Value":"99.283333","Unit":"decimal degree"},"Observe":{"Time":"21/5/2020 10:00:00","Temperature":{"Value":31.5,"Unit":"celcius"},"StationPressure":{"Value":972.4,"Unit":"hPa"},"MeanSeaLevelPressure":{"Value":1007.2,"Unit":"hPa"},"DewPoint":{"Value":24.4,"Unit":"celcius"},"RelativeHumidity":{"Value":66.0,"Unit":"%"},"VaporPressure":{"Value":30.5,"Unit":"hPa"},"LandVisibility":{"Value":8.0,"Unit":"km"},"WindDirection":{"Value":"000","Unit":"degree"},"WindSpeed":{"Value":0.0,"Unit":"km/h"},"Rainfall":{"Value":0.0,"Unit":"mm"},"TotolCloud":"มีเมฆมาก"}},{"WmoNumber":"48329","StationNameTh":"ลำพูน","StationNameEng":"LAMPHUN","Province":"ลำพูน","Latitude":{"Value":"18.566667","Unit":"decimal degree"},"Longitude":{"Value":"99.033333","Unit":"decimal degree"},"Observe":{"Time":"21/5/2020 10:00:00","Temperature":{"Value":31.6,"Unit":"celcius"},"StationPressure":{"Value":974.4,"Unit":"hPa"},"MeanSeaLevelPressure":{"Value":1007.4,"Unit":"hPa"},"DewPoint":{"Value":23.8,"Unit":"celcius"},"RelativeHumidity":{"Value":64.0,"Unit":"%"},"VaporPressure":{"Value":29.6,"Unit":"hPa"},"LandVisibility":{"Value":12.0,"Unit":"km"},"WindDirection":{"Value":"000","Unit":"degree"},"WindSpeed":{"Value":0.0,"Unit":"km/h"},"Rainfall":{"Value":0.0,"Unit":"mm"},"TotolCloud":"มีเมฆเต็มท้องฟ้า"}},{"WmoNumber":"48330","StationNameTh":"แพร่","StationNameEng":"PHRAE","Province":"แพร่","Latitude":{"Value":"18.166667","Unit":"decimal degree"},"Longitude":{"Value":"100.166667","Unit":"decimal degree"},"Observe":{"Time":"21/5/2020 10:00:00","Temperature":{"Value":33.0,"Unit":"celcius"},"StationPressure":{"Value":988.8,"Unit":"hPa"},"MeanSeaLevelPressure":{"Value":1007.0,"Unit":"hPa"},"DewPoint":{"Value":23.0,"Unit":"celcius"},"RelativeHumidity":{"Value":56.0,"Unit":"%"},"VaporPressure":{"Value":28.1,"Unit":"hPa"},"LandVisibility":{"Value":10.0,"Unit":"km"},"WindDirection":{"Value":"180","Unit":"degree"},"WindSpeed":{"Value":3.7,"Unit":"km/h"},"Rainfall":{"Value":0.0,"Unit":"mm"},"TotolCloud":"มีเมฆมาก"}},{"WmoNumber":"48331","StationNameTh":"น่าน","StationNameEng":"NAN","Province":"น่าน","Latitude":{"Value":"18.779722","Unit":"decimal degree"},"Longitude":{"Value":"100.777778","Unit":"decimal degree"},"Observe":{"Time":"21/5/2020 10:00:00","Temperature":{"Value":32.9,"Unit":"celcius"},"StationPressure":{"Value":984.2,"Unit":"hPa"},"MeanSeaLevelPressure":{"Value":1006.6,"Unit":"hPa"},"DewPoint":{"Value":23.9,"Unit":"celcius"},"RelativeHumidity":{"Value":59.0,"Unit":"%"},"VaporPressure":{"Value":29.6,"Unit":"hPa"},"LandVisibility":{"Value":10.0,"Unit":"km"},"WindDirection":{"Value":"000","Unit":"degree"},"WindSpeed":{"Value":0.0,"Unit":"km/h"},"Rainfall":{"Value":0.0,"Unit":"mm"},"TotolCloud":"มีเมฆบางส่วน"}},{"WmoNumber":"48333","StationNameTh":"น่าน สกษ.","StationNameEng":"NAN AGROMET.","Province":"น่าน","Latitude":{"Value":"18.866667","Unit":"decimal degree"},"Longitude":{"Value":"100.75","Unit":"decimal degree"... (set the log level to DEBUG or TRACE to see the full content) 
 </msg>
<msg timestamp="20200521 12:12:29.409" level="INFO">/Library/Frameworks/Python.framework/Versions/3.7/lib/python3.7/site-packages/urllib3/connectionpool.py:1004: InsecureRequestWarning: Unverified HTTPS request is being made to host 'data.tmd.go.th'. Adding certificate verification is strongly advised. See: https://urllib3.readthedocs.io/en/latest/advanced-usage.html#ssl-warnings
  InsecureRequestWarning,</msg>
<msg timestamp="20200521 12:12:29.410" level="INFO">${resp} = &lt;Response [200]&gt;</msg>
<status status="PASS" starttime="20200521 12:11:13.222" endtime="20200521 12:12:29.410"></status>
</kw>
<kw name="Return From Keyword" library="BuiltIn">
<doc>Returns from the enclosing user keyword.</doc>
<arguments>
<arg>${resp}</arg>
</arguments>
<msg timestamp="20200521 12:12:29.410" level="INFO">Returning from the enclosing user keyword.</msg>
<status status="PASS" starttime="20200521 12:12:29.410" endtime="20200521 12:12:29.410"></status>
</kw>
<msg timestamp="20200521 12:12:29.411" level="INFO">${resp} = &lt;Response [200]&gt;</msg>
<status status="PASS" starttime="20200521 12:11:13.221" endtime="20200521 12:12:29.411"></status>
</kw>
<kw name="Log Json">
<arguments>
<arg>${resp.content}</arg>
</arguments>
<msg timestamp="20200521 12:12:29.414" level="FAIL">No keyword with name 'Log Json' found. Did you mean:
    RequestsLibrary.To Json</msg>
<status status="FAIL" starttime="20200521 12:12:29.414" endtime="20200521 12:12:29.414"></status>
</kw>
<status status="FAIL" starttime="20200521 12:11:13.220" endtime="20200521 12:12:29.414" critical="yes">No keyword with name 'Log Json' found. Did you mean:
    RequestsLibrary.To Json</status>
</test>
<test id="s1-t2" name="Get Weather3Hours BANGKOK METROPOLIS Should Success and return data">
<kw name="Create Dictionary" library="BuiltIn">
<doc>Creates and returns a dictionary based on the given ``items``.</doc>
<arguments>
<arg>type=json</arg>
<arg>province=กรุงเทพมหานคร</arg>
</arguments>
<assign>
<var>&amp;{params}</var>
</assign>
<msg timestamp="20200521 12:12:29.417" level="INFO">&amp;{params} = { type=json | province=กรุงเทพมหานคร }</msg>
<status status="PASS" starttime="20200521 12:12:29.415" endtime="20200521 12:12:29.417"></status>
</kw>
<kw name="Get Weather3Hours">
<arguments>
<arg>${params}</arg>
</arguments>
<assign>
<var>${resp}</var>
</assign>
<kw name="Create Session" library="RequestsLibrary">
<doc>Create Session: create a HTTP session to a server</doc>
<arguments>
<arg>tmd</arg>
<arg>${url}</arg>
</arguments>
<msg timestamp="20200521 12:12:29.418" level="INFO">Creating Session using : alias=tmd, url=http://data.tmd.go.th/api, headers={},                     cookies={}, auth=None, timeout=None, proxies=None, verify=False,                     debug=0 </msg>
<status status="PASS" starttime="20200521 12:12:29.418" endtime="20200521 12:12:29.419"></status>
</kw>
<kw name="Get Request" library="RequestsLibrary">
<doc>Send a GET request on the session object found using the
given `alias`</doc>
<arguments>
<arg>tmd</arg>
<arg>/Weather3Hours/V1</arg>
<arg>params=${params}</arg>
</arguments>
<assign>
<var>${resp}</var>
</assign>
<msg timestamp="20200521 12:13:00.158" level="INFO">GET Request : url=http://data.tmd.go.th/api/Weather3Hours/V1?type=json&amp;province=%E0%B8%81%E0%B8%A3%E0%B8%B8%E0%B8%87%E0%B9%80%E0%B8%97%E0%B8%9E%E0%B8%A1%E0%B8%AB%E0%B8%B2%E0%B8%99%E0%B8%84%E0%B8%A3 (redirected) 
 path_url=/api/Weather3Hours/V1?type=json&amp;province=%E0%B8%81%E0%B8%A3%E0%B8%B8%E0%B8%87%E0%B9%80%E0%B8%97%E0%B8%9E%E0%B8%A1%E0%B8%AB%E0%B8%B2%E0%B8%99%E0%B8%84%E0%B8%A3 
 headers={'User-Agent': 'python-requests/2.23.0', 'Accept-Encoding': 'gzip, deflate', 'Accept': '*/*', 'Connection': 'keep-alive'} 
 body=None 
 </msg>
<msg timestamp="20200521 12:13:00.158" level="INFO">GET Response : url=https://data.tmd.go.th/api/Weather3Hours/V1?type=json&amp;province=%E0%B8%81%E0%B8%A3%E0%B8%B8%E0%B8%87%E0%B9%80%E0%B8%97%E0%B8%9E%E0%B8%A1%E0%B8%AB%E0%B8%B2%E0%B8%99%E0%B8%84%E0%B8%A3 
 status=500, reason=Internal Server Error 
 body={"Message":"An error has occurred."} 
 </msg>
<msg timestamp="20200521 12:13:00.158" level="INFO">/Library/Frameworks/Python.framework/Versions/3.7/lib/python3.7/site-packages/urllib3/connectionpool.py:1004: InsecureRequestWarning: Unverified HTTPS request is being made to host 'data.tmd.go.th'. Adding certificate verification is strongly advised. See: https://urllib3.readthedocs.io/en/latest/advanced-usage.html#ssl-warnings
  InsecureRequestWarning,</msg>
<msg timestamp="20200521 12:13:00.158" level="INFO">${resp} = &lt;Response [500]&gt;</msg>
<status status="PASS" starttime="20200521 12:12:29.419" endtime="20200521 12:13:00.158"></status>
</kw>
<kw name="Return From Keyword" library="BuiltIn">
<doc>Returns from the enclosing user keyword.</doc>
<arguments>
<arg>${resp}</arg>
</arguments>
<msg timestamp="20200521 12:13:00.159" level="INFO">Returning from the enclosing user keyword.</msg>
<status status="PASS" starttime="20200521 12:13:00.159" endtime="20200521 12:13:00.159"></status>
</kw>
<msg timestamp="20200521 12:13:00.160" level="INFO">${resp} = &lt;Response [500]&gt;</msg>
<status status="PASS" starttime="20200521 12:12:29.417" endtime="20200521 12:13:00.160"></status>
</kw>
<kw name="Log Json">
<arguments>
<arg>${resp.content}</arg>
</arguments>
<msg timestamp="20200521 12:13:00.165" level="FAIL">No keyword with name 'Log Json' found. Did you mean:
    RequestsLibrary.To Json</msg>
<status status="FAIL" starttime="20200521 12:13:00.164" endtime="20200521 12:13:00.165"></status>
</kw>
<status status="FAIL" starttime="20200521 12:12:29.414" endtime="20200521 12:13:00.165" critical="yes">No keyword with name 'Log Json' found. Did you mean:
    RequestsLibrary.To Json</status>
</test>
<status status="FAIL" starttime="20200521 12:11:13.014" endtime="20200521 12:13:00.166"></status>
</suite>
<statistics>
<total>
<stat pass="0" fail="2">Critical Tests</stat>
<stat pass="0" fail="2">All Tests</stat>
</total>
<tag>
</tag>
<suite>
<stat pass="0" fail="2" id="s1" name="Weather Today">Weather Today</stat>
</suite>
</statistics>
<errors>
<msg timestamp="20200521 12:11:13.051" level="ERROR">Error in file '/Users/bond/Documents/Paylo/weather_today.robot': Importing test library 'HttpLibrary.HTTP' failed: SyntaxError: invalid syntax (__init__.py, line 16)
Traceback (most recent call last):
  None
PYTHONPATH:
  /Library/Frameworks/Python.framework/Versions/3.7/bin
  /Library/Frameworks/Python.framework/Versions/3.7/lib/python37.zip
  /Library/Frameworks/Python.framework/Versions/3.7/lib/python3.7
  /Library/Frameworks/Python.framework/Versions/3.7/lib/python3.7/lib-dynload
  /Library/Frameworks/Python.framework/Versions/3.7/lib/python3.7/site-packages</msg>
</errors>
</robot>
