<?xml version="1.0" encoding="UTF-8"?>
<robot generator="Robot 3.1.2 (Python 3.7.7 on darwin)" generated="20200526 10:39:43.489" rpa="false">
<suite id="s1" name="Register" source="/Users/bond/Documents/Paylo/Test-merchant/Register.robot">
<test id="s1-t1" name="TC01 : Merchant register successful.">
<kw name="Go to merchant register" library="Keyword_register" type="setup">
<kw name="Open Browser" library="SeleniumLibrary">
<doc>Opens a new browser instance to the optional ``url``.</doc>
<arguments>
<arg>${url-merchant-register}</arg>
<arg>chrome</arg>
</arguments>
<msg timestamp="20200526 10:39:44.587" level="INFO">Opening browser 'chrome' to base url 'https://staging.pay-lo.com/registration'.</msg>
<status status="PASS" starttime="20200526 10:39:44.587" endtime="20200526 10:39:52.505"></status>
</kw>
<kw name="Maximize Browser Window" library="SeleniumLibrary">
<doc>Maximizes current browser window.</doc>
<status status="PASS" starttime="20200526 10:39:52.506" endtime="20200526 10:39:52.692"></status>
</kw>
<kw name="Set Selenium Speed" library="SeleniumLibrary">
<doc>Sets the delay that is waited after each Selenium command.</doc>
<arguments>
<arg>0.5</arg>
</arguments>
<status status="PASS" starttime="20200526 10:39:52.692" endtime="20200526 10:39:52.692"></status>
</kw>
<status status="PASS" starttime="20200526 10:39:44.586" endtime="20200526 10:39:52.692"></status>
</kw>
<kw name="Merchant register step 1" library="Keyword_register">
<arguments>
<arg>${companyName}</arg>
<arg>${registeredAddress}</arg>
<arg>${businessType}</arg>
</arguments>
<kw name="Input Text" library="SeleniumLibrary">
<doc>Types the given ``text`` into the text field identified by ``locator``.</doc>
<arguments>
<arg>${field-companyName}</arg>
<arg>${companyName}</arg>
</arguments>
<msg timestamp="20200526 10:39:52.694" level="INFO">Typing text 'Bond Corporation Co., Ltd.' into text field 'id=field-companyName'.</msg>
<status status="PASS" starttime="20200526 10:39:52.693" endtime="20200526 10:39:54.569"></status>
</kw>
<kw name="Input Text" library="SeleniumLibrary">
<doc>Types the given ``text`` into the text field identified by ``locator``.</doc>
<arguments>
<arg>${field-registeredAddress}</arg>
<arg>${registeredAddress}</arg>
</arguments>
<msg timestamp="20200526 10:39:54.570" level="INFO">Typing text 'Space' into text field 'id=field-registeredAddress'.</msg>
<status status="PASS" starttime="20200526 10:39:54.569" endtime="20200526 10:39:56.221"></status>
</kw>
<kw name="Input Text" library="SeleniumLibrary">
<doc>Types the given ``text`` into the text field identified by ``locator``.</doc>
<arguments>
<arg>${field-businessType}</arg>
<arg>${businessType}</arg>
</arguments>
<msg timestamp="20200526 10:39:56.222" level="INFO">Typing text '9 Stars Hotel' into text field 'id=field-businessType'.</msg>
<status status="PASS" starttime="20200526 10:39:56.222" endtime="20200526 10:39:57.917"></status>
</kw>
<kw name="Click Element" library="SeleniumLibrary">
<doc>Click the element identified by ``locator``.</doc>
<arguments>
<arg>${continue-step2-btn}</arg>
</arguments>
<msg timestamp="20200526 10:39:57.919" level="INFO">Clicking element '//*[@class="indexview__WrapperBtn-fy6qwq-0 cKmeet"]/button'.</msg>
<status status="PASS" starttime="20200526 10:39:57.918" endtime="20200526 10:39:58.994"></status>
</kw>
<kw name="Sleep" library="BuiltIn">
<doc>Pauses the test executed for the given time.</doc>
<arguments>
<arg>2s</arg>
</arguments>
<msg timestamp="20200526 10:40:00.996" level="INFO">Slept 2 seconds</msg>
<status status="PASS" starttime="20200526 10:39:58.995" endtime="20200526 10:40:00.996"></status>
</kw>
<status status="PASS" starttime="20200526 10:39:52.693" endtime="20200526 10:40:00.997"></status>
</kw>
<kw name="Merchant register step 2" library="Keyword_register">
<arguments>
<arg>${contactPerson}</arg>
<arg>${contactEmail}</arg>
<arg>${phone}</arg>
</arguments>
<kw name="Input Text" library="SeleniumLibrary">
<doc>Types the given ``text`` into the text field identified by ``locator``.</doc>
<arguments>
<arg>${field-contactPerson}</arg>
<arg>${contactPerson}</arg>
</arguments>
<msg timestamp="20200526 10:40:00.999" level="INFO">Typing text 'Tom' into text field 'id=field-contactPerson'.</msg>
<status status="PASS" starttime="20200526 10:40:00.999" endtime="20200526 10:40:02.613"></status>
</kw>
<kw name="Input Text" library="SeleniumLibrary">
<doc>Types the given ``text`` into the text field identified by ``locator``.</doc>
<arguments>
<arg>${field-contactEmail}</arg>
<arg>${contactEmail}</arg>
</arguments>
<msg timestamp="20200526 10:40:02.616" level="INFO">Typing text 'nathakrit.p@gmail.com' into text field 'id=field-contactEmail'.</msg>
<status status="PASS" starttime="20200526 10:40:02.613" endtime="20200526 10:40:04.369"></status>
</kw>
<kw name="Input Text" library="SeleniumLibrary">
<doc>Types the given ``text`` into the text field identified by ``locator``.</doc>
<arguments>
<arg>${field-phone}</arg>
<arg>${phone}</arg>
</arguments>
<msg timestamp="20200526 10:40:04.370" level="INFO">Typing text '123456789' into text field 'id=field-phone'.</msg>
<status status="PASS" starttime="20200526 10:40:04.370" endtime="20200526 10:40:06.031"></status>
</kw>
<kw name="Click Element" library="SeleniumLibrary">
<doc>Click the element identified by ``locator``.</doc>
<arguments>
<arg>${continue-step3-btn}</arg>
</arguments>
<msg timestamp="20200526 10:40:06.032" level="INFO">Clicking element '//*[@class="indexview__WrapperBtn-fy6qwq-0 cKmeet"]/button'.</msg>
<status status="PASS" starttime="20200526 10:40:06.032" endtime="20200526 10:40:07.151"></status>
</kw>
<kw name="Sleep" library="BuiltIn">
<doc>Pauses the test executed for the given time.</doc>
<arguments>
<arg>2s</arg>
</arguments>
<msg timestamp="20200526 10:40:09.152" level="INFO">Slept 2 seconds</msg>
<status status="PASS" starttime="20200526 10:40:07.151" endtime="20200526 10:40:09.153"></status>
</kw>
<status status="PASS" starttime="20200526 10:40:00.997" endtime="20200526 10:40:09.153"></status>
</kw>
<kw name="Merchant register step 3" library="Keyword_register">
<arguments>
<arg>${contactEmail}</arg>
<arg>${password}</arg>
</arguments>
<kw name="Input Text" library="SeleniumLibrary">
<doc>Types the given ``text`` into the text field identified by ``locator``.</doc>
<arguments>
<arg>${field-emailAddress}</arg>
<arg>${contactEmail}</arg>
</arguments>
<msg timestamp="20200526 10:40:09.155" level="INFO">Typing text 'nathakrit.p@gmail.com' into text field 'id=field-emailAddress'.</msg>
<status status="PASS" starttime="20200526 10:40:09.154" endtime="20200526 10:40:10.898"></status>
</kw>
<kw name="Input Text" library="SeleniumLibrary">
<doc>Types the given ``text`` into the text field identified by ``locator``.</doc>
<arguments>
<arg>${field-password}</arg>
<arg>${password}</arg>
</arguments>
<msg timestamp="20200526 10:40:10.899" level="INFO">Typing text 'Bb$1234567890' into text field 'id=field-password'.</msg>
<status status="PASS" starttime="20200526 10:40:10.898" endtime="20200526 10:40:12.738"></status>
</kw>
<kw name="Sleep" library="BuiltIn">
<doc>Pauses the test executed for the given time.</doc>
<arguments>
<arg>2s</arg>
</arguments>
<msg timestamp="20200526 10:40:14.739" level="INFO">Slept 2 seconds</msg>
<status status="PASS" starttime="20200526 10:40:12.738" endtime="20200526 10:40:14.740"></status>
</kw>
<kw name="Click Element" library="SeleniumLibrary">
<doc>Click the element identified by ``locator``.</doc>
<arguments>
<arg>${signup-btn}</arg>
</arguments>
<msg timestamp="20200526 10:40:14.741" level="INFO">Clicking element '//*[@class="indexview__WrapperBtn-fy6qwq-0 cKmeet"]/button'.</msg>
<status status="PASS" starttime="20200526 10:40:14.740" endtime="20200526 10:40:15.862"></status>
</kw>
<kw name="Sleep" library="BuiltIn">
<doc>Pauses the test executed for the given time.</doc>
<arguments>
<arg>4s</arg>
</arguments>
<msg timestamp="20200526 10:40:19.864" level="INFO">Slept 4 seconds</msg>
<status status="PASS" starttime="20200526 10:40:15.863" endtime="20200526 10:40:19.865"></status>
</kw>
<status status="PASS" starttime="20200526 10:40:09.153" endtime="20200526 10:40:19.865"></status>
</kw>
<kw name="Verify signup success" library="Keyword_register">
<kw name="Click Element" library="SeleniumLibrary">
<doc>Click the element identified by ``locator``.</doc>
<arguments>
<arg>${back-to-home-btn}</arg>
</arguments>
<msg timestamp="20200526 10:40:19.867" level="INFO">Clicking element '//*[@class="indexview__Container-sc-1v4jxrt-2 dKaTzj"]/button'.</msg>
<status status="PASS" starttime="20200526 10:40:19.867" endtime="20200526 10:40:21.078"></status>
</kw>
<status status="PASS" starttime="20200526 10:40:19.866" endtime="20200526 10:40:21.079"></status>
</kw>
<kw name="Close All Browsers" library="SeleniumLibrary" type="teardown">
<doc>Closes all open browsers and resets the browser cache.</doc>
<status status="PASS" starttime="20200526 10:40:21.080" endtime="20200526 10:40:21.662"></status>
</kw>
<status status="PASS" starttime="20200526 10:39:44.585" endtime="20200526 10:40:21.663" critical="yes"></status>
</test>
<status status="PASS" starttime="20200526 10:39:43.491" endtime="20200526 10:40:21.665"></status>
</suite>
<statistics>
<total>
<stat pass="1" fail="0">Critical Tests</stat>
<stat pass="1" fail="0">All Tests</stat>
</total>
<tag>
</tag>
<suite>
<stat pass="1" fail="0" id="s1" name="Register">Register</stat>
</suite>
</statistics>
<errors>
<msg timestamp="20200526 10:39:44.499" level="ERROR">Error in file '/Users/bond/Documents/Paylo/common.robot': Importing test library 'HttpLibrary.HTTP' failed: SyntaxError: invalid syntax (__init__.py, line 16)
Traceback (most recent call last):
  None
PYTHONPATH:
  /Library/Frameworks/Python.framework/Versions/3.7/bin
  /Library/Frameworks/Python.framework/Versions/3.7/lib/python37.zip
  /Library/Frameworks/Python.framework/Versions/3.7/lib/python3.7
  /Library/Frameworks/Python.framework/Versions/3.7/lib/python3.7/lib-dynload
  /Library/Frameworks/Python.framework/Versions/3.7/lib/python3.7/site-packages</msg>
</errors>
</robot>
