<?xml version="1.0" encoding="UTF-8"?>
<robot generator="Robot 3.1.2 (Python 3.7.7 on darwin)" generated="20200528 12:26:17.645" rpa="false">
<suite id="s1" name="Approve merchant" source="/Users/bond/Documents/Paylo/Test-backoffice/Approve_merchant.robot">
<test id="s1-t1" name="TC01 : Backoffice approve merchant successful.">
<kw name="Open backoffice browser" library="Keyword_login" type="setup">
<kw name="Open Browser" library="SeleniumLibrary">
<doc>Opens a new browser instance to the optional ``url``.</doc>
<arguments>
<arg>${backoffice_url}</arg>
<arg>chrome</arg>
</arguments>
<msg timestamp="20200528 12:26:17.956" level="INFO">Opening browser 'chrome' to base url 'https://staging.pay-lo.com/backoffice/signin'.</msg>
<status status="PASS" starttime="20200528 12:26:17.956" endtime="20200528 12:26:25.075"></status>
</kw>
<kw name="Maximize Browser Window" library="SeleniumLibrary">
<doc>Maximizes current browser window.</doc>
<status status="PASS" starttime="20200528 12:26:25.076" endtime="20200528 12:26:25.229"></status>
</kw>
<kw name="Set Selenium Speed" library="SeleniumLibrary">
<doc>Sets the delay that is waited after each Selenium command.</doc>
<arguments>
<arg>0.5</arg>
</arguments>
<status status="PASS" starttime="20200528 12:26:25.230" endtime="20200528 12:26:25.231"></status>
</kw>
<status status="PASS" starttime="20200528 12:26:17.956" endtime="20200528 12:26:25.232"></status>
</kw>
<kw name="Backoffice login" library="Keyword_login">
<arguments>
<arg>${backoffice-email}</arg>
<arg>${backoffice-pass}</arg>
</arguments>
<kw name="Input Text" library="SeleniumLibrary">
<doc>Types the given ``text`` into the text field identified by ``locator``.</doc>
<arguments>
<arg>${email-xpath}</arg>
<arg>${backoffice-email}</arg>
</arguments>
<msg timestamp="20200528 12:26:25.240" level="INFO">Typing text 'paylobackoffice@gmail.com' into text field 'id=field-email'.</msg>
<status status="PASS" starttime="20200528 12:26:25.239" endtime="20200528 12:26:27.080"></status>
</kw>
<kw name="Click Element" library="SeleniumLibrary">
<doc>Click the element identified by ``locator``.</doc>
<arguments>
<arg>${continue-btn}</arg>
</arguments>
<msg timestamp="20200528 12:26:27.081" level="INFO">Clicking element 'id=signin-button'.</msg>
<status status="PASS" starttime="20200528 12:26:27.081" endtime="20200528 12:26:28.155"></status>
</kw>
<kw name="Sleep" library="BuiltIn">
<doc>Pauses the test executed for the given time.</doc>
<arguments>
<arg>2s</arg>
</arguments>
<msg timestamp="20200528 12:26:30.158" level="INFO">Slept 2 seconds</msg>
<status status="PASS" starttime="20200528 12:26:28.156" endtime="20200528 12:26:30.158"></status>
</kw>
<kw name="Input Text" library="SeleniumLibrary">
<doc>Types the given ``text`` into the text field identified by ``locator``.</doc>
<arguments>
<arg>${password-xpath}</arg>
<arg>${backoffice-pass}</arg>
</arguments>
<msg timestamp="20200528 12:26:30.159" level="INFO">Typing text '20Scoops#' into text field 'id=field-password'.</msg>
<status status="PASS" starttime="20200528 12:26:30.159" endtime="20200528 12:26:31.815"></status>
</kw>
<kw name="Click Element" library="SeleniumLibrary">
<doc>Click the element identified by ``locator``.</doc>
<arguments>
<arg>${login-btn}</arg>
</arguments>
<msg timestamp="20200528 12:26:31.816" level="INFO">Clicking element '//*[@class="MuiButton-label"]/span'.</msg>
<status status="PASS" starttime="20200528 12:26:31.816" endtime="20200528 12:26:32.884"></status>
</kw>
<kw name="Sleep" library="BuiltIn">
<doc>Pauses the test executed for the given time.</doc>
<arguments>
<arg>2s</arg>
</arguments>
<msg timestamp="20200528 12:26:34.886" level="INFO">Slept 2 seconds</msg>
<status status="PASS" starttime="20200528 12:26:32.884" endtime="20200528 12:26:34.886"></status>
</kw>
<status status="PASS" starttime="20200528 12:26:25.235" endtime="20200528 12:26:34.886"></status>
</kw>
<kw name="Verify backoffice login success" library="Keyword_login">
<arguments>
<arg>${backoffice-name}</arg>
</arguments>
<kw name="Element Should Contain" library="SeleniumLibrary">
<doc>Verifies that element ``locator`` contains text ``expected``.</doc>
<arguments>
<arg>${verify-backoffice-login}</arg>
<arg>${backoffice-name}</arg>
</arguments>
<msg timestamp="20200528 12:26:35.926" level="INFO">Element '//*[@id="root"]/main/div[1]/aside/div[2]/div/div/div[2]/div/div[2]/h5' contains text 'Paylo Backoffice'.</msg>
<status status="PASS" starttime="20200528 12:26:34.887" endtime="20200528 12:26:35.927"></status>
</kw>
<status status="PASS" starttime="20200528 12:26:34.887" endtime="20200528 12:26:35.928"></status>
</kw>
<kw name="Approve merchant" library="Keyword_login">
<arguments>
<arg>${modal-header-text}</arg>
</arguments>
<kw name="Click Element" library="SeleniumLibrary">
<doc>Click the element identified by ``locator``.</doc>
<arguments>
<arg>${merchant-menu}</arg>
</arguments>
<msg timestamp="20200528 12:26:35.929" level="INFO">Clicking element '//*[@id="merchants-link"]/span'.</msg>
<status status="PASS" starttime="20200528 12:26:35.929" endtime="20200528 12:26:37.060"></status>
</kw>
<kw name="Wait Until Element Is Visible" library="SeleniumLibrary">
<doc>Waits until the element ``locator`` is visible.</doc>
<arguments>
<arg>${approve-btn}</arg>
</arguments>
<status status="PASS" starttime="20200528 12:26:37.060" endtime="20200528 12:26:38.810"></status>
</kw>
<kw name="Click Element" library="SeleniumLibrary">
<doc>Click the element identified by ``locator``.</doc>
<arguments>
<arg>${approve-btn}</arg>
</arguments>
<msg timestamp="20200528 12:26:38.811" level="INFO">Clicking element '//*[@class="indexview__ApproveButton-f6kizg-13 kwXILV"]'.</msg>
<status status="PASS" starttime="20200528 12:26:38.810" endtime="20200528 12:26:39.877"></status>
</kw>
<kw name="Sleep" library="BuiltIn">
<doc>Pauses the test executed for the given time.</doc>
<arguments>
<arg>5s</arg>
</arguments>
<msg timestamp="20200528 12:26:44.880" level="INFO">Slept 5 seconds</msg>
<status status="PASS" starttime="20200528 12:26:39.877" endtime="20200528 12:26:44.881"></status>
</kw>
<kw name="Element Should Contain" library="SeleniumLibrary">
<doc>Verifies that element ``locator`` contains text ``expected``.</doc>
<arguments>
<arg>${verify-modal}</arg>
<arg>${modal-header-text}</arg>
</arguments>
<msg timestamp="20200528 12:26:45.918" level="INFO">Element '//*[@class="MuiDialogTitle-root indexview__PlTitleDialog-sc-16lqnlh-1 fdOaPR"]/div/div' contains text 'Confirm Approval'.</msg>
<status status="PASS" starttime="20200528 12:26:44.881" endtime="20200528 12:26:45.918"></status>
</kw>
<kw name="Click Element" library="SeleniumLibrary">
<doc>Click the element identified by ``locator``.</doc>
<arguments>
<arg>${confirm-btn}</arg>
</arguments>
<msg timestamp="20200528 12:26:45.919" level="INFO">Clicking element '//*[@class="MuiDialogContent-root indexview__PlDialogContent-sc-16lqnlh-3 goCyEE MuiDialogContent-dividers"]/div[3]/button[2]'.</msg>
<status status="PASS" starttime="20200528 12:26:45.919" endtime="20200528 12:26:47.005"></status>
</kw>
<kw name="Wait Until Element Is Visible" library="SeleniumLibrary">
<doc>Waits until the element ``locator`` is visible.</doc>
<arguments>
<arg>${verify-approve}</arg>
</arguments>
<status status="PASS" starttime="20200528 12:26:47.006" endtime="20200528 12:26:48.040"></status>
</kw>
<status status="PASS" starttime="20200528 12:26:35.928" endtime="20200528 12:26:48.040"></status>
</kw>
<kw name="Close All Browsers" library="SeleniumLibrary" type="teardown">
<doc>Closes all open browsers and resets the browser cache.</doc>
<status status="PASS" starttime="20200528 12:26:48.041" endtime="20200528 12:26:48.619"></status>
</kw>
<status status="PASS" starttime="20200528 12:26:17.955" endtime="20200528 12:26:48.619" critical="yes"></status>
</test>
<status status="PASS" starttime="20200528 12:26:17.648" endtime="20200528 12:26:48.621"></status>
</suite>
<statistics>
<total>
<stat pass="1" fail="0">Critical Tests</stat>
<stat pass="1" fail="0">All Tests</stat>
</total>
<tag>
</tag>
<suite>
<stat pass="1" fail="0" id="s1" name="Approve merchant">Approve merchant</stat>
</suite>
</statistics>
<errors>
<msg timestamp="20200528 12:26:17.817" level="ERROR">Error in file '/Users/bond/Documents/Paylo/common.robot': Importing test library 'HttpLibrary.HTTP' failed: SyntaxError: invalid syntax (__init__.py, line 16)
Traceback (most recent call last):
  None
PYTHONPATH:
  /Library/Frameworks/Python.framework/Versions/3.7/bin
  /Library/Frameworks/Python.framework/Versions/3.7/lib/python37.zip
  /Library/Frameworks/Python.framework/Versions/3.7/lib/python3.7
  /Library/Frameworks/Python.framework/Versions/3.7/lib/python3.7/lib-dynload
  /Library/Frameworks/Python.framework/Versions/3.7/lib/python3.7/site-packages</msg>
<msg timestamp="20200528 12:26:17.949" level="ERROR">Error in file '/Users/bond/Documents/Paylo/Resources/Api/Keywords/Keyword_api_backoffice.robot': Setting variable '${api-approve}' failed: Variable '${merchant_id}' not found.</msg>
<msg timestamp="20200528 12:26:17.952" level="ERROR">Error in file '/Users/bond/Documents/Paylo/Resources/Api/Keywords/Keyword_api_backoffice.robot': Setting variable '${api-reject}' failed: Variable '${merchant_id}' not found.</msg>
</errors>
</robot>
