<?xml version="1.0" encoding="UTF-8"?>
<robot generator="Robot 3.1.2 (Python 3.7.7 on darwin)" generated="20200603 16:08:11.885" rpa="false">
<suite id="s1" name="Payment" source="/Users/bond/Documents/Paylo/User-Payment/Payment.robot">
<test id="s1-t1" name="TC02 : Pay success">
<kw name="Open payment browser" library="Keyword_user_pay" type="setup">
<kw name="Open Browser" library="SeleniumLibrary">
<doc>Opens a new browser instance to the optional ``url``.</doc>
<arguments>
<arg>${payment_url}</arg>
<arg>chrome</arg>
</arguments>
<msg timestamp="20200603 16:08:12.273" level="INFO">Opening browser 'chrome' to base url 'https://staging-pay.pay-lo.com/'.</msg>
<status status="PASS" starttime="20200603 16:08:12.272" endtime="20200603 16:08:15.657"></status>
</kw>
<kw name="Maximize Browser Window" library="SeleniumLibrary">
<doc>Maximizes current browser window.</doc>
<status status="PASS" starttime="20200603 16:08:15.657" endtime="20200603 16:08:16.113"></status>
</kw>
<kw name="Set Selenium Speed" library="SeleniumLibrary">
<doc>Sets the delay that is waited after each Selenium command.</doc>
<arguments>
<arg>0.5</arg>
</arguments>
<status status="PASS" starttime="20200603 16:08:16.113" endtime="20200603 16:08:16.113"></status>
</kw>
<kw name="Sleep" library="BuiltIn">
<doc>Pauses the test executed for the given time.</doc>
<arguments>
<arg>3s</arg>
</arguments>
<msg timestamp="20200603 16:08:19.114" level="INFO">Slept 3 seconds</msg>
<status status="PASS" starttime="20200603 16:08:16.114" endtime="20200603 16:08:19.115"></status>
</kw>
<status status="PASS" starttime="20200603 16:08:12.272" endtime="20200603 16:08:19.115"></status>
</kw>
<kw name="Input amount" library="Keyword_user_pay">
<arguments>
<arg>${amount}</arg>
</arguments>
<kw name="Input Text" library="SeleniumLibrary">
<doc>Types the given ``text`` into the text field identified by ``locator``.</doc>
<arguments>
<arg>${amount_xpath}</arg>
<arg>${amount}</arg>
</arguments>
<msg timestamp="20200603 16:08:19.117" level="INFO">Typing text '100' into text field '//*[@id="root"]/div/div[2]/div[2]/div[2]/form/div[1]/input'.</msg>
<status status="PASS" starttime="20200603 16:08:19.117" endtime="20200603 16:08:20.791"></status>
</kw>
<status status="PASS" starttime="20200603 16:08:19.116" endtime="20200603 16:08:20.791"></status>
</kw>
<kw name="Input Public Key" library="Keyword_user_pay">
<arguments>
<arg>${public_key}</arg>
</arguments>
<kw name="Input Text" library="SeleniumLibrary">
<doc>Types the given ``text`` into the text field identified by ``locator``.</doc>
<arguments>
<arg>${publick_xpath}</arg>
<arg>${public_key}</arg>
</arguments>
<msg timestamp="20200603 16:08:20.793" level="INFO">Typing text '4ad9b1bfce86972fceaacce22205c7c3' into text field '//*[@id="root"]/div/div[2]/div[2]/div[2]/form/div[2]/input'.</msg>
<status status="PASS" starttime="20200603 16:08:20.793" endtime="20200603 16:08:22.660"></status>
</kw>
<status status="PASS" starttime="20200603 16:08:20.792" endtime="20200603 16:08:22.661"></status>
</kw>
<kw name="Input Private Key" library="Keyword_user_pay">
<arguments>
<arg>${private_key}</arg>
</arguments>
<kw name="Input Text" library="SeleniumLibrary">
<doc>Types the given ``text`` into the text field identified by ``locator``.</doc>
<arguments>
<arg>${privatek_xpath}</arg>
<arg>${private_key}</arg>
</arguments>
<msg timestamp="20200603 16:08:22.662" level="INFO">Typing text 'b5e31dec4ea71691a5d76581ff07d6c08b4e8d67c409320b7eb1cec95e525ba8' into text field '//*[@id="root"]/div/div[2]/div[2]/div[2]/form/div[3]/input'.</msg>
<status status="PASS" starttime="20200603 16:08:22.662" endtime="20200603 16:08:24.696"></status>
</kw>
<status status="PASS" starttime="20200603 16:08:22.661" endtime="20200603 16:08:24.697"></status>
</kw>
<kw name="Input name" library="Keyword_user_pay">
<arguments>
<arg>${name}</arg>
</arguments>
<kw name="Double Click Element" library="SeleniumLibrary">
<doc>Double clicks the element identified by ``locator``.</doc>
<arguments>
<arg>${name-xpath}</arg>
</arguments>
<msg timestamp="20200603 16:08:24.698" level="INFO">Double clicking element '//*[@id="root"]/div/div[2]/div[2]/div[2]/form/div[4]/input'.</msg>
<status status="PASS" starttime="20200603 16:08:24.698" endtime="20200603 16:08:26.014"></status>
</kw>
<kw name="Press Key" library="SeleniumLibrary">
<doc>*DEPRECATED in SeleniumLibrary 4.0.* use `Press Keys` instead.</doc>
<arguments>
<arg>${name-xpath}</arg>
<arg>\\127</arg>
</arguments>
<msg timestamp="20200603 16:08:26.015" level="WARN">Keyword 'SeleniumLibrary.Press Key' is deprecated. use `Press Keys` instead.</msg>
<status status="PASS" starttime="20200603 16:08:26.014" endtime="20200603 16:08:27.058"></status>
</kw>
<kw name="Input Text" library="SeleniumLibrary">
<doc>Types the given ``text`` into the text field identified by ``locator``.</doc>
<arguments>
<arg>${name-xpath}</arg>
<arg>${name}</arg>
</arguments>
<msg timestamp="20200603 16:08:27.058" level="INFO">Typing text 'BOND' into text field '//*[@id="root"]/div/div[2]/div[2]/div[2]/form/div[4]/input'.</msg>
<status status="PASS" starttime="20200603 16:08:27.058" endtime="20200603 16:08:28.657"></status>
</kw>
<status status="PASS" starttime="20200603 16:08:24.697" endtime="20200603 16:08:28.657"></status>
</kw>
<kw name="Close All Browsers" library="SeleniumLibrary" type="teardown">
<doc>Closes all open browsers and resets the browser cache.</doc>
<status status="PASS" starttime="20200603 16:08:28.657" endtime="20200603 16:08:29.229"></status>
</kw>
<status status="PASS" starttime="20200603 16:08:12.270" endtime="20200603 16:08:29.229" critical="yes"></status>
</test>
<status status="PASS" starttime="20200603 16:08:11.888" endtime="20200603 16:08:29.231"></status>
</suite>
<statistics>
<total>
<stat pass="1" fail="0">Critical Tests</stat>
<stat pass="1" fail="0">All Tests</stat>
</total>
<tag>
</tag>
<suite>
<stat pass="1" fail="0" id="s1" name="Payment">Payment</stat>
</suite>
</statistics>
<errors>
<msg timestamp="20200603 16:08:12.071" level="ERROR">Error in file '/Users/bond/Documents/Paylo/common.robot': Importing test library 'HttpLibrary.HTTP' failed: SyntaxError: invalid syntax (__init__.py, line 16)
Traceback (most recent call last):
  None
PYTHONPATH:
  /Library/Frameworks/Python.framework/Versions/3.7/bin
  /Library/Frameworks/Python.framework/Versions/3.7/lib/python37.zip
  /Library/Frameworks/Python.framework/Versions/3.7/lib/python3.7
  /Library/Frameworks/Python.framework/Versions/3.7/lib/python3.7/lib-dynload
  /Library/Frameworks/Python.framework/Versions/3.7/lib/python3.7/site-packages</msg>
<msg timestamp="20200603 16:08:12.260" level="ERROR">Error in file '/Users/bond/Documents/Paylo/Resources/Api/Keywords/Keyword_api_backoffice.robot': Setting variable '${api-approve}' failed: Variable '${merchant_id}' not found.</msg>
<msg timestamp="20200603 16:08:12.263" level="ERROR">Error in file '/Users/bond/Documents/Paylo/Resources/Api/Keywords/Keyword_api_backoffice.robot': Setting variable '${api-reject}' failed: Variable '${merchant_id}' not found.</msg>
<msg timestamp="20200603 16:08:26.015" level="WARN">Keyword 'SeleniumLibrary.Press Key' is deprecated. use `Press Keys` instead.</msg>
</errors>
</robot>
